[0.105s] DEBUG:colcon:Command line arguments: ['/home/hegde-aryan/miniconda3/bin/colcon', 'build', '--symlink-install']
[0.105s] DEBUG:colcon:Parsed command line arguments: Namespace(log_base=None, log_level=None, verb_name='build', build_base='build', install_base='install', merge_install=False, symlink_install=True, test_result_base=None, continue_on_error=False, executor='parallel', parallel_workers=16, event_handlers=None, ignore_user_meta=False, metas=['./colcon.meta'], base_paths=['.'], packages_ignore=None, packages_ignore_regex=None, paths=None, packages_up_to=None, packages_up_to_regex=None, packages_above=None, packages_above_and_dependencies=None, packages_above_depth=None, packages_select_by_dep=None, packages_skip_by_dep=None, packages_skip_up_to=None, packages_select_build_failed=False, packages_skip_build_finished=False, packages_select_test_failures=False, packages_skip_test_passed=False, packages_select=None, packages_skip=None, packages_select_regex=None, packages_skip_regex=None, packages_start=None, packages_end=None, cmake_args=None, cmake_target=None, cmake_target_skip_unavailable=False, cmake_clean_cache=False, cmake_clean_first=False, cmake_force_configure=False, ament_cmake_args=None, catkin_cmake_args=None, catkin_skip_building_tests=False, verb_parser=<colcon_defaults.argument_parser.defaults.DefaultArgumentsDecorator object at 0x72552d37d6a0>, verb_extension=<colcon_core.verb.build.BuildVerb object at 0x72552d510da0>, main=<bound method BuildVerb.main of <colcon_core.verb.build.BuildVerb object at 0x72552d510da0>>)
[0.131s] Level 1:colcon.colcon_core.package_discovery:discover_packages(colcon_meta) check parameters
[0.131s] Level 1:colcon.colcon_core.package_discovery:discover_packages(recursive) check parameters
[0.131s] Level 1:colcon.colcon_core.package_discovery:discover_packages(ignore) check parameters
[0.131s] Level 1:colcon.colcon_core.package_discovery:discover_packages(path) check parameters
[0.131s] Level 1:colcon.colcon_core.package_discovery:discover_packages(colcon_meta) discover
[0.132s] Level 1:colcon.colcon_core.package_discovery:discover_packages(recursive) discover
[0.132s] INFO:colcon.colcon_core.package_discovery:Crawling recursively for packages in '/home/hegde-aryan/dev/robo/ros2_ws'
[0.132s] Level 1:colcon.colcon_core.package_identification:_identify(.) by extensions ['ignore', 'ignore_ament_install']
[0.132s] Level 1:colcon.colcon_core.package_identification:_identify(.) by extension 'ignore'
[0.132s] Level 1:colcon.colcon_core.package_identification:_identify(.) by extension 'ignore_ament_install'
[0.132s] Level 1:colcon.colcon_core.package_identification:_identify(.) by extensions ['colcon_pkg']
[0.132s] Level 1:colcon.colcon_core.package_identification:_identify(.) by extension 'colcon_pkg'
[0.132s] Level 1:colcon.colcon_core.package_identification:_identify(.) by extensions ['colcon_meta']
[0.132s] Level 1:colcon.colcon_core.package_identification:_identify(.) by extension 'colcon_meta'
[0.132s] Level 1:colcon.colcon_core.package_identification:_identify(.) by extensions ['ros']
[0.132s] Level 1:colcon.colcon_core.package_identification:_identify(.) by extension 'ros'
[0.152s] Level 1:colcon.colcon_core.package_identification:_identify(.) by extensions ['cmake', 'python']
[0.152s] Level 1:colcon.colcon_core.package_identification:_identify(.) by extension 'cmake'
[0.152s] Level 1:colcon.colcon_core.package_identification:_identify(.) by extension 'python'
[0.152s] Level 1:colcon.colcon_core.package_identification:_identify(.) by extensions ['python_setup_py']
[0.152s] Level 1:colcon.colcon_core.package_identification:_identify(.) by extension 'python_setup_py'
[0.152s] Level 1:colcon.colcon_core.package_identification:_identify(build) by extensions ['ignore', 'ignore_ament_install']
[0.152s] Level 1:colcon.colcon_core.package_identification:_identify(build) by extension 'ignore'
[0.152s] Level 1:colcon.colcon_core.package_identification:_identify(build) ignored
[0.152s] Level 1:colcon.colcon_core.package_identification:_identify(install) by extensions ['ignore', 'ignore_ament_install']
[0.153s] Level 1:colcon.colcon_core.package_identification:_identify(install) by extension 'ignore'
[0.153s] Level 1:colcon.colcon_core.package_identification:_identify(install) ignored
[0.153s] Level 1:colcon.colcon_core.package_identification:_identify(log) by extensions ['ignore', 'ignore_ament_install']
[0.153s] Level 1:colcon.colcon_core.package_identification:_identify(log) by extension 'ignore'
[0.153s] Level 1:colcon.colcon_core.package_identification:_identify(log) ignored
[0.153s] Level 1:colcon.colcon_core.package_identification:_identify(src) by extensions ['ignore', 'ignore_ament_install']
[0.153s] Level 1:colcon.colcon_core.package_identification:_identify(src) by extension 'ignore'
[0.153s] Level 1:colcon.colcon_core.package_identification:_identify(src) by extension 'ignore_ament_install'
[0.153s] Level 1:colcon.colcon_core.package_identification:_identify(src) by extensions ['colcon_pkg']
[0.153s] Level 1:colcon.colcon_core.package_identification:_identify(src) by extension 'colcon_pkg'
[0.153s] Level 1:colcon.colcon_core.package_identification:_identify(src) by extensions ['colcon_meta']
[0.153s] Level 1:colcon.colcon_core.package_identification:_identify(src) by extension 'colcon_meta'
[0.153s] Level 1:colcon.colcon_core.package_identification:_identify(src) by extensions ['ros']
[0.153s] Level 1:colcon.colcon_core.package_identification:_identify(src) by extension 'ros'
[0.153s] Level 1:colcon.colcon_core.package_identification:_identify(src) by extensions ['cmake', 'python']
[0.153s] Level 1:colcon.colcon_core.package_identification:_identify(src) by extension 'cmake'
[0.153s] Level 1:colcon.colcon_core.package_identification:_identify(src) by extension 'python'
[0.153s] Level 1:colcon.colcon_core.package_identification:_identify(src) by extensions ['python_setup_py']
[0.153s] Level 1:colcon.colcon_core.package_identification:_identify(src) by extension 'python_setup_py'
[0.153s] Level 1:colcon.colcon_core.package_identification:_identify(src/simple_pub_sub) by extensions ['ignore', 'ignore_ament_install']
[0.153s] Level 1:colcon.colcon_core.package_identification:_identify(src/simple_pub_sub) by extension 'ignore'
[0.153s] Level 1:colcon.colcon_core.package_identification:_identify(src/simple_pub_sub) by extension 'ignore_ament_install'
[0.153s] Level 1:colcon.colcon_core.package_identification:_identify(src/simple_pub_sub) by extensions ['colcon_pkg']
[0.153s] Level 1:colcon.colcon_core.package_identification:_identify(src/simple_pub_sub) by extension 'colcon_pkg'
[0.153s] Level 1:colcon.colcon_core.package_identification:_identify(src/simple_pub_sub) by extensions ['colcon_meta']
[0.153s] Level 1:colcon.colcon_core.package_identification:_identify(src/simple_pub_sub) by extension 'colcon_meta'
[0.154s] Level 1:colcon.colcon_core.package_identification:_identify(src/simple_pub_sub) by extensions ['ros']
[0.154s] Level 1:colcon.colcon_core.package_identification:_identify(src/simple_pub_sub) by extension 'ros'
[0.155s] DEBUG:colcon.colcon_core.package_identification:Package 'src/simple_pub_sub' with type 'ros.ament_python' and name 'simple_pub_sub'
[0.155s] Level 1:colcon.colcon_core.package_discovery:discover_packages(recursive) using defaults
[0.155s] Level 1:colcon.colcon_core.package_discovery:discover_packages(ignore) discover
[0.155s] Level 1:colcon.colcon_core.package_discovery:discover_packages(ignore) using defaults
[0.155s] Level 1:colcon.colcon_core.package_discovery:discover_packages(path) discover
[0.155s] Level 1:colcon.colcon_core.package_discovery:discover_packages(path) using defaults
[0.169s] Level 5:colcon.colcon_core.verb:set package 'simple_pub_sub' build argument 'cmake_args' from command line to 'None'
[0.169s] Level 5:colcon.colcon_core.verb:set package 'simple_pub_sub' build argument 'cmake_target' from command line to 'None'
[0.169s] Level 5:colcon.colcon_core.verb:set package 'simple_pub_sub' build argument 'cmake_target_skip_unavailable' from command line to 'False'
[0.169s] Level 5:colcon.colcon_core.verb:set package 'simple_pub_sub' build argument 'cmake_clean_cache' from command line to 'False'
[0.169s] Level 5:colcon.colcon_core.verb:set package 'simple_pub_sub' build argument 'cmake_clean_first' from command line to 'False'
[0.169s] Level 5:colcon.colcon_core.verb:set package 'simple_pub_sub' build argument 'cmake_force_configure' from command line to 'False'
[0.169s] Level 5:colcon.colcon_core.verb:set package 'simple_pub_sub' build argument 'ament_cmake_args' from command line to 'None'
[0.169s] Level 5:colcon.colcon_core.verb:set package 'simple_pub_sub' build argument 'catkin_cmake_args' from command line to 'None'
[0.169s] Level 5:colcon.colcon_core.verb:set package 'simple_pub_sub' build argument 'catkin_skip_building_tests' from command line to 'False'
[0.169s] DEBUG:colcon.colcon_core.verb:Building package 'simple_pub_sub' with the following arguments: {'ament_cmake_args': None, 'build_base': '/home/hegde-aryan/dev/robo/ros2_ws/build/simple_pub_sub', 'catkin_cmake_args': None, 'catkin_skip_building_tests': False, 'cmake_args': None, 'cmake_clean_cache': False, 'cmake_clean_first': False, 'cmake_force_configure': False, 'cmake_target': None, 'cmake_target_skip_unavailable': False, 'install_base': '/home/hegde-aryan/dev/robo/ros2_ws/install/simple_pub_sub', 'merge_install': False, 'path': '/home/hegde-aryan/dev/robo/ros2_ws/src/simple_pub_sub', 'symlink_install': True, 'test_result_base': None}
[0.169s] INFO:colcon.colcon_core.executor:Executing jobs using 'parallel' executor
[0.171s] DEBUG:colcon.colcon_parallel_executor.executor.parallel:run_until_complete
[0.171s] INFO:colcon.colcon_ros.task.ament_python.build:Building ROS package in '/home/hegde-aryan/dev/robo/ros2_ws/src/simple_pub_sub' with build type 'ament_python'
[0.171s] Level 1:colcon.colcon_core.shell:create_environment_hook('simple_pub_sub', 'ament_prefix_path')
[0.172s] INFO:colcon.colcon_core.plugin_system:Skipping extension 'colcon_core.shell.bat': Not used on non-Windows systems
[0.173s] INFO:colcon.colcon_core.shell:Creating environment hook '/home/hegde-aryan/dev/robo/ros2_ws/install/simple_pub_sub/share/simple_pub_sub/hook/ament_prefix_path.ps1'
[0.174s] INFO:colcon.colcon_core.shell:Creating environment descriptor '/home/hegde-aryan/dev/robo/ros2_ws/install/simple_pub_sub/share/simple_pub_sub/hook/ament_prefix_path.dsv'
[0.175s] INFO:colcon.colcon_core.shell:Creating environment hook '/home/hegde-aryan/dev/robo/ros2_ws/install/simple_pub_sub/share/simple_pub_sub/hook/ament_prefix_path.sh'
[0.175s] INFO:colcon.colcon_core.shell:Skip shell extension 'powershell' for command environment: Not usable outside of PowerShell
[0.175s] DEBUG:colcon.colcon_core.shell:Skip shell extension 'dsv' for command environment
[0.351s] INFO:colcon.colcon_core.task.python.build:Building Python package in '/home/hegde-aryan/dev/robo/ros2_ws/src/simple_pub_sub'
[0.352s] INFO:colcon.colcon_core.shell:Skip shell extension 'powershell' for command environment: Not usable outside of PowerShell
[0.352s] DEBUG:colcon.colcon_core.shell:Skip shell extension 'dsv' for command environment
[0.714s] DEBUG:colcon.colcon_core.task.python.build:While undoing a previous installation files outside the Python library path are being ignored: /home/hegde-aryan/dev/robo/ros2_ws/install/simple_pub_sub/share/ament_index/resource_index/packages/simple_pub_sub
[0.714s] DEBUG:colcon.colcon_core.task.python.build:While undoing a previous installation files outside the Python library path are being ignored: /home/hegde-aryan/dev/robo/ros2_ws/install/simple_pub_sub/share/simple_pub_sub/package.xml
[0.715s] DEBUG:colcon.colcon_core.task.python.build:While undoing a previous installation files outside the Python library path are being ignored: /home/hegde-aryan/dev/robo/ros2_ws/install/simple_pub_sub/lib/simple_pub_sub/listener
[0.715s] DEBUG:colcon.colcon_core.task.python.build:While undoing a previous installation files outside the Python library path are being ignored: /home/hegde-aryan/dev/robo/ros2_ws/install/simple_pub_sub/lib/simple_pub_sub/talker
[0.718s] DEBUG:colcon.colcon_core.event_handler.log_command:Invoking command in '/home/hegde-aryan/dev/robo/ros2_ws/build/simple_pub_sub': CONDA_PROMPT_MODIFIER=(base) DEBUGINFOD_URLS=https://debuginfod.ubuntu.com PYTHONPATH=/home/hegde-aryan/dev/robo/ros2_ws/build/simple_pub_sub/prefix_override:/home/hegde-aryan/miniconda3/lib/python3.12/site-packages/colcon_core/task/python/colcon_distutils_commands:/home/hegde-aryan/dev/robo/ros2_ws/install/simple_pub_sub/lib/python3.12/site-packages:${PYTHONPATH} /home/hegde-aryan/miniconda3/bin/python -W ignore:setup.py install is deprecated -W ignore:easy_install command is deprecated setup.py develop --editable --build-directory /home/hegde-aryan/dev/robo/ros2_ws/build/simple_pub_sub/build --no-deps symlink_data --force
[1.140s] Level 1:colcon.colcon_core.shell:create_environment_hook('simple_pub_sub', 'pythonpath_develop')
[1.140s] DEBUG:colcon.colcon_core.event_handler.log_command:Invoked command in '/home/hegde-aryan/dev/robo/ros2_ws/build/simple_pub_sub' returned '0': CONDA_PROMPT_MODIFIER=(base) DEBUGINFOD_URLS=https://debuginfod.ubuntu.com PYTHONPATH=/home/hegde-aryan/dev/robo/ros2_ws/build/simple_pub_sub/prefix_override:/home/hegde-aryan/miniconda3/lib/python3.12/site-packages/colcon_core/task/python/colcon_distutils_commands:/home/hegde-aryan/dev/robo/ros2_ws/install/simple_pub_sub/lib/python3.12/site-packages:${PYTHONPATH} /home/hegde-aryan/miniconda3/bin/python -W ignore:setup.py install is deprecated -W ignore:easy_install command is deprecated setup.py develop --editable --build-directory /home/hegde-aryan/dev/robo/ros2_ws/build/simple_pub_sub/build --no-deps symlink_data --force
[1.141s] INFO:colcon.colcon_core.shell:Creating environment hook '/home/hegde-aryan/dev/robo/ros2_ws/build/simple_pub_sub/share/simple_pub_sub/hook/pythonpath_develop.ps1'
[1.141s] INFO:colcon.colcon_core.shell:Creating environment descriptor '/home/hegde-aryan/dev/robo/ros2_ws/build/simple_pub_sub/share/simple_pub_sub/hook/pythonpath_develop.dsv'
[1.142s] INFO:colcon.colcon_core.shell:Creating environment hook '/home/hegde-aryan/dev/robo/ros2_ws/build/simple_pub_sub/share/simple_pub_sub/hook/pythonpath_develop.sh'
[1.144s] Level 1:colcon.colcon_core.environment:checking '/home/hegde-aryan/dev/robo/ros2_ws/install/simple_pub_sub' for CMake module files
[1.144s] Level 1:colcon.colcon_core.environment:checking '/home/hegde-aryan/dev/robo/ros2_ws/install/simple_pub_sub' for CMake config files
[1.144s] Level 1:colcon.colcon_core.environment:checking '/home/hegde-aryan/dev/robo/ros2_ws/install/simple_pub_sub/lib'
[1.145s] Level 1:colcon.colcon_core.environment:checking '/home/hegde-aryan/dev/robo/ros2_ws/install/simple_pub_sub/bin'
[1.145s] Level 1:colcon.colcon_core.environment:checking '/home/hegde-aryan/dev/robo/ros2_ws/install/simple_pub_sub/lib/pkgconfig/simple_pub_sub.pc'
[1.145s] Level 1:colcon.colcon_core.environment:checking '/home/hegde-aryan/dev/robo/ros2_ws/install/simple_pub_sub/lib/python3.12/site-packages'
[1.145s] Level 1:colcon.colcon_core.shell:create_environment_hook('simple_pub_sub', 'pythonpath')
[1.145s] INFO:colcon.colcon_core.shell:Creating environment hook '/home/hegde-aryan/dev/robo/ros2_ws/install/simple_pub_sub/share/simple_pub_sub/hook/pythonpath.ps1'
[1.146s] INFO:colcon.colcon_core.shell:Creating environment descriptor '/home/hegde-aryan/dev/robo/ros2_ws/install/simple_pub_sub/share/simple_pub_sub/hook/pythonpath.dsv'
[1.146s] INFO:colcon.colcon_core.shell:Creating environment hook '/home/hegde-aryan/dev/robo/ros2_ws/install/simple_pub_sub/share/simple_pub_sub/hook/pythonpath.sh'
[1.146s] Level 1:colcon.colcon_core.environment:checking '/home/hegde-aryan/dev/robo/ros2_ws/install/simple_pub_sub/bin'
[1.146s] Level 1:colcon.colcon_core.environment:create_environment_scripts_only(simple_pub_sub)
[1.147s] INFO:colcon.colcon_core.shell:Creating package script '/home/hegde-aryan/dev/robo/ros2_ws/install/simple_pub_sub/share/simple_pub_sub/package.ps1'
[1.147s] INFO:colcon.colcon_core.shell:Creating package descriptor '/home/hegde-aryan/dev/robo/ros2_ws/install/simple_pub_sub/share/simple_pub_sub/package.dsv'
[1.148s] INFO:colcon.colcon_core.shell:Creating package script '/home/hegde-aryan/dev/robo/ros2_ws/install/simple_pub_sub/share/simple_pub_sub/package.sh'
[1.149s] INFO:colcon.colcon_core.shell:Creating package script '/home/hegde-aryan/dev/robo/ros2_ws/install/simple_pub_sub/share/simple_pub_sub/package.bash'
[1.150s] INFO:colcon.colcon_core.shell:Creating package script '/home/hegde-aryan/dev/robo/ros2_ws/install/simple_pub_sub/share/simple_pub_sub/package.zsh'
[1.150s] Level 1:colcon.colcon_core.environment:create_file_with_runtime_dependencies(/home/hegde-aryan/dev/robo/ros2_ws/install/simple_pub_sub/share/colcon-core/packages/simple_pub_sub)
[1.150s] DEBUG:colcon.colcon_parallel_executor.executor.parallel:closing loop
[1.151s] DEBUG:colcon.colcon_parallel_executor.executor.parallel:loop closed
[1.151s] DEBUG:colcon.colcon_parallel_executor.executor.parallel:run_until_complete finished with '0'
[1.151s] DEBUG:colcon.colcon_core.event_reactor:joining thread
[1.154s] INFO:colcon.colcon_core.plugin_system:Skipping extension 'colcon_notification.desktop_notification.notify2': 'notify2' not found
[1.154s] INFO:colcon.colcon_core.plugin_system:Skipping extension 'colcon_notification.desktop_notification.terminal_notifier': Not used on non-Darwin systems
[1.154s] INFO:colcon.colcon_core.plugin_system:Skipping extension 'colcon_notification.desktop_notification.win32': Not used on non-Windows systems
[1.154s] INFO:colcon.colcon_notification.desktop_notification:Sending desktop notification using 'notify_send'
[1.309s] DEBUG:colcon.colcon_core.event_reactor:joined thread
[1.309s] INFO:colcon.colcon_core.shell:Creating prefix script '/home/hegde-aryan/dev/robo/ros2_ws/install/local_setup.ps1'
[1.311s] INFO:colcon.colcon_core.shell:Creating prefix util module '/home/hegde-aryan/dev/robo/ros2_ws/install/_local_setup_util_ps1.py'
[1.312s] INFO:colcon.colcon_core.shell:Creating prefix chain script '/home/hegde-aryan/dev/robo/ros2_ws/install/setup.ps1'
[1.313s] INFO:colcon.colcon_core.shell:Creating prefix script '/home/hegde-aryan/dev/robo/ros2_ws/install/local_setup.sh'
[1.314s] INFO:colcon.colcon_core.shell:Creating prefix util module '/home/hegde-aryan/dev/robo/ros2_ws/install/_local_setup_util_sh.py'
[1.314s] INFO:colcon.colcon_core.shell:Creating prefix chain script '/home/hegde-aryan/dev/robo/ros2_ws/install/setup.sh'
[1.315s] INFO:colcon.colcon_core.shell:Creating prefix script '/home/hegde-aryan/dev/robo/ros2_ws/install/local_setup.bash'
[1.316s] INFO:colcon.colcon_core.shell:Creating prefix chain script '/home/hegde-aryan/dev/robo/ros2_ws/install/setup.bash'
[1.316s] INFO:colcon.colcon_core.shell:Creating prefix script '/home/hegde-aryan/dev/robo/ros2_ws/install/local_setup.zsh'
[1.317s] INFO:colcon.colcon_core.shell:Creating prefix chain script '/home/hegde-aryan/dev/robo/ros2_ws/install/setup.zsh'
