[0.547s] Invoking command in '/home/hegde-aryan/dev/robo/ros2_ws/build/simple_pub_sub': CONDA_PROMPT_MODIFIER=(base) DEBUGINFOD_URLS=https://debuginfod.ubuntu.com PYTHONPATH=/home/hegde-aryan/dev/robo/ros2_ws/build/simple_pub_sub/prefix_override:/home/hegde-aryan/miniconda3/lib/python3.12/site-packages/colcon_core/task/python/colcon_distutils_commands:/home/hegde-aryan/dev/robo/ros2_ws/install/simple_pub_sub/lib/python3.12/site-packages:${PYTHONPATH} /home/hegde-aryan/miniconda3/bin/python -W ignore:setup.py install is deprecated -W ignore:easy_install command is deprecated setup.py develop --editable --build-directory /home/hegde-aryan/dev/robo/ros2_ws/build/simple_pub_sub/build --no-deps symlink_data --force
[0.763s] running develop
[0.877s] running egg_info
[0.889s] writing simple_pub_sub.egg-info/PKG-INFO
[0.890s] writing dependency_links to simple_pub_sub.egg-info/dependency_links.txt
[0.890s] writing entry points to simple_pub_sub.egg-info/entry_points.txt
[0.890s] writing requirements to simple_pub_sub.egg-info/requires.txt
[0.890s] writing top-level names to simple_pub_sub.egg-info/top_level.txt
[0.915s] reading manifest file 'simple_pub_sub.egg-info/SOURCES.txt'
[0.916s] writing manifest file 'simple_pub_sub.egg-info/SOURCES.txt'
[0.929s] running build_ext
[0.929s] Creating /home/hegde-aryan/dev/robo/ros2_ws/install/simple_pub_sub/lib/python3.12/site-packages/simple-pub-sub.egg-link (link to .)
[0.929s] Installing listener script to /home/hegde-aryan/dev/robo/ros2_ws/install/simple_pub_sub/lib/simple_pub_sub
[0.930s] Installing talker script to /home/hegde-aryan/dev/robo/ros2_ws/install/simple_pub_sub/lib/simple_pub_sub
[0.930s] 
[0.930s] Installed /home/hegde-aryan/dev/robo/ros2_ws/build/simple_pub_sub
[0.930s] running symlink_data
[0.930s] symbolically linking /home/hegde-aryan/dev/robo/ros2_ws/build/simple_pub_sub/resource/simple_pub_sub -> /home/hegde-aryan/dev/robo/ros2_ws/install/simple_pub_sub/share/ament_index/resource_index/packages
[0.931s] symbolically linking /home/hegde-aryan/dev/robo/ros2_ws/build/simple_pub_sub/package.xml -> /home/hegde-aryan/dev/robo/ros2_ws/install/simple_pub_sub/share/simple_pub_sub
[0.969s] Invoked command in '/home/hegde-aryan/dev/robo/ros2_ws/build/simple_pub_sub' returned '0': CONDA_PROMPT_MODIFIER=(base) DEBUGINFOD_URLS=https://debuginfod.ubuntu.com PYTHONPATH=/home/hegde-aryan/dev/robo/ros2_ws/build/simple_pub_sub/prefix_override:/home/hegde-aryan/miniconda3/lib/python3.12/site-packages/colcon_core/task/python/colcon_distutils_commands:/home/hegde-aryan/dev/robo/ros2_ws/install/simple_pub_sub/lib/python3.12/site-packages:${PYTHONPATH} /home/hegde-aryan/miniconda3/bin/python -W ignore:setup.py install is deprecated -W ignore:easy_install command is deprecated setup.py develop --editable --build-directory /home/hegde-aryan/dev/robo/ros2_ws/build/simple_pub_sub/build --no-deps symlink_data --force
