[0.197s] DEBUG:colcon:Command line arguments: ['/usr/bin/colcon', 'build', '--symlink-install']
[0.197s] DEBUG:colcon:Parsed command line arguments: Namespace(log_base=None, log_level=None, verb_name='build', build_base='build', install_base='install', merge_install=False, symlink_install=True, test_result_base=None, continue_on_error=False, executor='parallel', parallel_workers=16, event_handlers=None, ignore_user_meta=False, metas=['./colcon.meta'], base_paths=['.'], packages_ignore=None, packages_ignore_regex=None, paths=None, packages_up_to=None, packages_up_to_regex=None, packages_above=None, packages_above_and_dependencies=None, packages_above_depth=None, packages_select_by_dep=None, packages_skip_by_dep=None, packages_skip_up_to=None, packages_select_build_failed=False, packages_skip_build_finished=False, packages_select_test_failures=False, packages_skip_test_passed=False, packages_select=None, packages_skip=None, packages_select_regex=None, packages_skip_regex=None, packages_start=None, packages_end=None, allow_overriding=[], cmake_args=None, cmake_target=None, cmake_target_skip_unavailable=False, cmake_clean_cache=False, cmake_clean_first=False, cmake_force_configure=False, ament_cmake_args=None, catkin_cmake_args=None, catkin_skip_building_tests=False, mixin_files=None, mixin=None, verb_parser=<colcon_mixin.mixin.mixin_argument.MixinArgumentDecorator object at 0x7789c6341070>, verb_extension=<colcon_core.verb.build.BuildVerb object at 0x7789c62e8d40>, main=<bound method BuildVerb.main of <colcon_core.verb.build.BuildVerb object at 0x7789c62e8d40>>, mixin_verb=('build',))
[0.266s] Level 1:colcon.colcon_core.package_discovery:discover_packages(colcon_meta) check parameters
[0.267s] Level 1:colcon.colcon_core.package_discovery:discover_packages(recursive) check parameters
[0.267s] Level 1:colcon.colcon_core.package_discovery:discover_packages(ignore) check parameters
[0.267s] Level 1:colcon.colcon_core.package_discovery:discover_packages(path) check parameters
[0.267s] Level 1:colcon.colcon_core.package_discovery:discover_packages(colcon_meta) discover
[0.268s] Level 1:colcon.colcon_core.package_discovery:discover_packages(recursive) discover
[0.268s] INFO:colcon.colcon_core.package_discovery:Crawling recursively for packages in '/home/hegde-aryan/dev/robo/ros2_ws'
[0.268s] Level 1:colcon.colcon_core.package_identification:_identify(.) by extensions ['ignore', 'ignore_ament_install']
[0.268s] Level 1:colcon.colcon_core.package_identification:_identify(.) by extension 'ignore'
[0.269s] Level 1:colcon.colcon_core.package_identification:_identify(.) by extension 'ignore_ament_install'
[0.269s] Level 1:colcon.colcon_core.package_identification:_identify(.) by extensions ['colcon_pkg']
[0.269s] Level 1:colcon.colcon_core.package_identification:_identify(.) by extension 'colcon_pkg'
[0.269s] Level 1:colcon.colcon_core.package_identification:_identify(.) by extensions ['colcon_meta']
[0.269s] Level 1:colcon.colcon_core.package_identification:_identify(.) by extension 'colcon_meta'
[0.269s] Level 1:colcon.colcon_core.package_identification:_identify(.) by extensions ['ros']
[0.269s] Level 1:colcon.colcon_core.package_identification:_identify(.) by extension 'ros'
[0.314s] Level 1:colcon.colcon_core.package_identification:_identify(.) by extensions ['cmake', 'python']
[0.314s] Level 1:colcon.colcon_core.package_identification:_identify(.) by extension 'cmake'
[0.314s] Level 1:colcon.colcon_core.package_identification:_identify(.) by extension 'python'
[0.315s] Level 1:colcon.colcon_core.package_identification:_identify(.) by extensions ['python_setup_py']
[0.315s] Level 1:colcon.colcon_core.package_identification:_identify(.) by extension 'python_setup_py'
[0.315s] Level 1:colcon.colcon_core.package_identification:_identify(build) by extensions ['ignore', 'ignore_ament_install']
[0.315s] Level 1:colcon.colcon_core.package_identification:_identify(build) by extension 'ignore'
[0.315s] Level 1:colcon.colcon_core.package_identification:_identify(build) ignored
[0.315s] Level 1:colcon.colcon_core.package_identification:_identify(install) by extensions ['ignore', 'ignore_ament_install']
[0.315s] Level 1:colcon.colcon_core.package_identification:_identify(install) by extension 'ignore'
[0.316s] Level 1:colcon.colcon_core.package_identification:_identify(install) ignored
[0.316s] Level 1:colcon.colcon_core.package_identification:_identify(log) by extensions ['ignore', 'ignore_ament_install']
[0.316s] Level 1:colcon.colcon_core.package_identification:_identify(log) by extension 'ignore'
[0.316s] Level 1:colcon.colcon_core.package_identification:_identify(log) ignored
[0.316s] Level 1:colcon.colcon_core.package_identification:_identify(src) by extensions ['ignore', 'ignore_ament_install']
[0.316s] Level 1:colcon.colcon_core.package_identification:_identify(src) by extension 'ignore'
[0.316s] Level 1:colcon.colcon_core.package_identification:_identify(src) by extension 'ignore_ament_install'
[0.316s] Level 1:colcon.colcon_core.package_identification:_identify(src) by extensions ['colcon_pkg']
[0.316s] Level 1:colcon.colcon_core.package_identification:_identify(src) by extension 'colcon_pkg'
[0.316s] Level 1:colcon.colcon_core.package_identification:_identify(src) by extensions ['colcon_meta']
[0.316s] Level 1:colcon.colcon_core.package_identification:_identify(src) by extension 'colcon_meta'
[0.317s] Level 1:colcon.colcon_core.package_identification:_identify(src) by extensions ['ros']
[0.317s] Level 1:colcon.colcon_core.package_identification:_identify(src) by extension 'ros'
[0.317s] Level 1:colcon.colcon_core.package_identification:_identify(src) by extensions ['cmake', 'python']
[0.317s] Level 1:colcon.colcon_core.package_identification:_identify(src) by extension 'cmake'
[0.317s] Level 1:colcon.colcon_core.package_identification:_identify(src) by extension 'python'
[0.317s] Level 1:colcon.colcon_core.package_identification:_identify(src) by extensions ['python_setup_py']
[0.317s] Level 1:colcon.colcon_core.package_identification:_identify(src) by extension 'python_setup_py'
[0.317s] Level 1:colcon.colcon_core.package_identification:_identify(src/simple_pub_sub) by extensions ['ignore', 'ignore_ament_install']
[0.317s] Level 1:colcon.colcon_core.package_identification:_identify(src/simple_pub_sub) by extension 'ignore'
[0.317s] Level 1:colcon.colcon_core.package_identification:_identify(src/simple_pub_sub) by extension 'ignore_ament_install'
[0.317s] Level 1:colcon.colcon_core.package_identification:_identify(src/simple_pub_sub) by extensions ['colcon_pkg']
[0.318s] Level 1:colcon.colcon_core.package_identification:_identify(src/simple_pub_sub) by extension 'colcon_pkg'
[0.318s] Level 1:colcon.colcon_core.package_identification:_identify(src/simple_pub_sub) by extensions ['colcon_meta']
[0.318s] Level 1:colcon.colcon_core.package_identification:_identify(src/simple_pub_sub) by extension 'colcon_meta'
[0.318s] Level 1:colcon.colcon_core.package_identification:_identify(src/simple_pub_sub) by extensions ['ros']
[0.318s] Level 1:colcon.colcon_core.package_identification:_identify(src/simple_pub_sub) by extension 'ros'
[0.322s] DEBUG:colcon.colcon_core.package_identification:Package 'src/simple_pub_sub' with type 'ros.ament_python' and name 'simple_pub_sub'
[0.322s] Level 1:colcon.colcon_core.package_discovery:discover_packages(recursive) using defaults
[0.322s] Level 1:colcon.colcon_core.package_discovery:discover_packages(ignore) discover
[0.322s] Level 1:colcon.colcon_core.package_discovery:discover_packages(ignore) using defaults
[0.322s] Level 1:colcon.colcon_core.package_discovery:discover_packages(path) discover
[0.322s] Level 1:colcon.colcon_core.package_discovery:discover_packages(path) using defaults
[0.352s] Level 1:colcon.colcon_core.package_discovery:discover_packages(prefix_path) check parameters
[0.352s] Level 1:colcon.colcon_core.package_discovery:discover_packages(prefix_path) discover
[0.356s] DEBUG:colcon.colcon_installed_package_information.package_discovery:Found 1 installed packages in /home/hegde-aryan/dev/robo/ros2_ws/install
[0.358s] DEBUG:colcon.colcon_installed_package_information.package_discovery:Found 285 installed packages in /opt/ros/jazzy
[0.360s] Level 1:colcon.colcon_core.package_discovery:discover_packages(prefix_path) using defaults
[0.436s] Level 5:colcon.colcon_core.verb:set package 'simple_pub_sub' build argument 'cmake_args' from command line to 'None'
[0.436s] Level 5:colcon.colcon_core.verb:set package 'simple_pub_sub' build argument 'cmake_target' from command line to 'None'
[0.436s] Level 5:colcon.colcon_core.verb:set package 'simple_pub_sub' build argument 'cmake_target_skip_unavailable' from command line to 'False'
[0.436s] Level 5:colcon.colcon_core.verb:set package 'simple_pub_sub' build argument 'cmake_clean_cache' from command line to 'False'
[0.436s] Level 5:colcon.colcon_core.verb:set package 'simple_pub_sub' build argument 'cmake_clean_first' from command line to 'False'
[0.436s] Level 5:colcon.colcon_core.verb:set package 'simple_pub_sub' build argument 'cmake_force_configure' from command line to 'False'
[0.436s] Level 5:colcon.colcon_core.verb:set package 'simple_pub_sub' build argument 'ament_cmake_args' from command line to 'None'
[0.437s] Level 5:colcon.colcon_core.verb:set package 'simple_pub_sub' build argument 'catkin_cmake_args' from command line to 'None'
[0.437s] Level 5:colcon.colcon_core.verb:set package 'simple_pub_sub' build argument 'catkin_skip_building_tests' from command line to 'False'
[0.437s] DEBUG:colcon.colcon_core.verb:Building package 'simple_pub_sub' with the following arguments: {'ament_cmake_args': None, 'build_base': '/home/hegde-aryan/dev/robo/ros2_ws/build/simple_pub_sub', 'catkin_cmake_args': None, 'catkin_skip_building_tests': False, 'cmake_args': None, 'cmake_clean_cache': False, 'cmake_clean_first': False, 'cmake_force_configure': False, 'cmake_target': None, 'cmake_target_skip_unavailable': False, 'install_base': '/home/hegde-aryan/dev/robo/ros2_ws/install/simple_pub_sub', 'merge_install': False, 'path': '/home/hegde-aryan/dev/robo/ros2_ws/src/simple_pub_sub', 'symlink_install': True, 'test_result_base': None}
[0.437s] INFO:colcon.colcon_core.executor:Executing jobs using 'parallel' executor
[0.439s] DEBUG:colcon.colcon_parallel_executor.executor.parallel:run_until_complete
[0.439s] INFO:colcon.colcon_ros.task.ament_python.build:Building ROS package in '/home/hegde-aryan/dev/robo/ros2_ws/src/simple_pub_sub' with build type 'ament_python'
[0.439s] Level 1:colcon.colcon_core.shell:create_environment_hook('simple_pub_sub', 'ament_prefix_path')
[0.445s] INFO:colcon.colcon_core.plugin_system:Skipping extension 'colcon_core.shell.bat': Not used on non-Windows systems
[0.445s] INFO:colcon.colcon_core.shell:Creating environment hook '/home/hegde-aryan/dev/robo/ros2_ws/install/simple_pub_sub/share/simple_pub_sub/hook/ament_prefix_path.ps1'
[0.447s] INFO:colcon.colcon_core.shell:Creating environment descriptor '/home/hegde-aryan/dev/robo/ros2_ws/install/simple_pub_sub/share/simple_pub_sub/hook/ament_prefix_path.dsv'
[0.448s] INFO:colcon.colcon_core.shell:Creating environment hook '/home/hegde-aryan/dev/robo/ros2_ws/install/simple_pub_sub/share/simple_pub_sub/hook/ament_prefix_path.sh'
[0.449s] INFO:colcon.colcon_core.shell:Skip shell extension 'powershell' for command environment: Not usable outside of PowerShell
[0.449s] DEBUG:colcon.colcon_core.shell:Skip shell extension 'dsv' for command environment
[0.872s] INFO:colcon.colcon_core.task.python.build:Building Python package in '/home/hegde-aryan/dev/robo/ros2_ws/src/simple_pub_sub'
[0.872s] INFO:colcon.colcon_core.shell:Skip shell extension 'powershell' for command environment: Not usable outside of PowerShell
[0.872s] DEBUG:colcon.colcon_core.shell:Skip shell extension 'dsv' for command environment
[2.131s] DEBUG:colcon.colcon_core.event_handler.log_command:Invoking command in '/home/hegde-aryan/dev/robo/ros2_ws/build/simple_pub_sub': DEBUGINFOD_URLS=https://debuginfod.ubuntu.com PYTHONPATH=/home/hegde-aryan/dev/robo/ros2_ws/build/simple_pub_sub/prefix_override:/usr/lib/python3/dist-packages/colcon_core/task/python/colcon_distutils_commands:/home/hegde-aryan/dev/robo/ros2_ws/install/simple_pub_sub/lib/python3.12/site-packages:${PYTHONPATH} /usr/bin/python3 -W ignore:setup.py install is deprecated -W ignore:easy_install command is deprecated setup.py develop --editable --build-directory /home/hegde-aryan/dev/robo/ros2_ws/build/simple_pub_sub/build --no-deps symlink_data
[3.257s] Level 1:colcon.colcon_core.shell:create_environment_hook('simple_pub_sub', 'pythonpath_develop')
[3.258s] INFO:colcon.colcon_core.shell:Creating environment hook '/home/hegde-aryan/dev/robo/ros2_ws/build/simple_pub_sub/share/simple_pub_sub/hook/pythonpath_develop.ps1'
[3.259s] INFO:colcon.colcon_core.shell:Creating environment descriptor '/home/hegde-aryan/dev/robo/ros2_ws/build/simple_pub_sub/share/simple_pub_sub/hook/pythonpath_develop.dsv'
[3.259s] DEBUG:colcon.colcon_core.event_handler.log_command:Invoked command in '/home/hegde-aryan/dev/robo/ros2_ws/build/simple_pub_sub' returned '0': DEBUGINFOD_URLS=https://debuginfod.ubuntu.com PYTHONPATH=/home/hegde-aryan/dev/robo/ros2_ws/build/simple_pub_sub/prefix_override:/usr/lib/python3/dist-packages/colcon_core/task/python/colcon_distutils_commands:/home/hegde-aryan/dev/robo/ros2_ws/install/simple_pub_sub/lib/python3.12/site-packages:${PYTHONPATH} /usr/bin/python3 -W ignore:setup.py install is deprecated -W ignore:easy_install command is deprecated setup.py develop --editable --build-directory /home/hegde-aryan/dev/robo/ros2_ws/build/simple_pub_sub/build --no-deps symlink_data
[3.260s] INFO:colcon.colcon_core.shell:Creating environment hook '/home/hegde-aryan/dev/robo/ros2_ws/build/simple_pub_sub/share/simple_pub_sub/hook/pythonpath_develop.sh'
[3.265s] Level 1:colcon.colcon_core.environment:checking '/home/hegde-aryan/dev/robo/ros2_ws/install/simple_pub_sub' for CMake module files
[3.266s] Level 1:colcon.colcon_core.environment:checking '/home/hegde-aryan/dev/robo/ros2_ws/install/simple_pub_sub' for CMake config files
[3.267s] Level 1:colcon.colcon_core.environment:checking '/home/hegde-aryan/dev/robo/ros2_ws/install/simple_pub_sub/lib'
[3.267s] Level 1:colcon.colcon_core.environment:checking '/home/hegde-aryan/dev/robo/ros2_ws/install/simple_pub_sub/bin'
[3.267s] Level 1:colcon.colcon_core.environment:checking '/home/hegde-aryan/dev/robo/ros2_ws/install/simple_pub_sub/lib/pkgconfig/simple_pub_sub.pc'
[3.268s] Level 1:colcon.colcon_core.environment:checking '/home/hegde-aryan/dev/robo/ros2_ws/install/simple_pub_sub/lib/python3.12/site-packages'
[3.268s] Level 1:colcon.colcon_core.shell:create_environment_hook('simple_pub_sub', 'pythonpath')
[3.268s] INFO:colcon.colcon_core.shell:Creating environment hook '/home/hegde-aryan/dev/robo/ros2_ws/install/simple_pub_sub/share/simple_pub_sub/hook/pythonpath.ps1'
[3.269s] INFO:colcon.colcon_core.shell:Creating environment descriptor '/home/hegde-aryan/dev/robo/ros2_ws/install/simple_pub_sub/share/simple_pub_sub/hook/pythonpath.dsv'
[3.269s] INFO:colcon.colcon_core.shell:Creating environment hook '/home/hegde-aryan/dev/robo/ros2_ws/install/simple_pub_sub/share/simple_pub_sub/hook/pythonpath.sh'
[3.270s] Level 1:colcon.colcon_core.environment:checking '/home/hegde-aryan/dev/robo/ros2_ws/install/simple_pub_sub/bin'
[3.270s] Level 1:colcon.colcon_core.environment:create_environment_scripts_only(simple_pub_sub)
[3.271s] INFO:colcon.colcon_core.shell:Creating package script '/home/hegde-aryan/dev/robo/ros2_ws/install/simple_pub_sub/share/simple_pub_sub/package.ps1'
[3.272s] INFO:colcon.colcon_core.shell:Creating package descriptor '/home/hegde-aryan/dev/robo/ros2_ws/install/simple_pub_sub/share/simple_pub_sub/package.dsv'
[3.273s] INFO:colcon.colcon_core.shell:Creating package script '/home/hegde-aryan/dev/robo/ros2_ws/install/simple_pub_sub/share/simple_pub_sub/package.sh'
[3.274s] INFO:colcon.colcon_core.shell:Creating package script '/home/hegde-aryan/dev/robo/ros2_ws/install/simple_pub_sub/share/simple_pub_sub/package.bash'
[3.276s] INFO:colcon.colcon_core.shell:Creating package script '/home/hegde-aryan/dev/robo/ros2_ws/install/simple_pub_sub/share/simple_pub_sub/package.zsh'
[3.277s] Level 1:colcon.colcon_core.environment:create_file_with_runtime_dependencies(/home/hegde-aryan/dev/robo/ros2_ws/install/simple_pub_sub/share/colcon-core/packages/simple_pub_sub)
[3.277s] DEBUG:colcon.colcon_parallel_executor.executor.parallel:closing loop
[3.277s] DEBUG:colcon.colcon_parallel_executor.executor.parallel:loop closed
[3.277s] DEBUG:colcon.colcon_parallel_executor.executor.parallel:run_until_complete finished with '0'
[3.277s] DEBUG:colcon.colcon_core.event_reactor:joining thread
[3.288s] INFO:colcon.colcon_core.plugin_system:Skipping extension 'colcon_notification.desktop_notification.terminal_notifier': Not used on non-Darwin systems
[3.288s] INFO:colcon.colcon_core.plugin_system:Skipping extension 'colcon_notification.desktop_notification.win32': Not used on non-Windows systems
[3.288s] INFO:colcon.colcon_notification.desktop_notification:Sending desktop notification using 'notify2'
[3.545s] DEBUG:colcon.colcon_core.event_reactor:joined thread
[3.546s] INFO:colcon.colcon_core.shell:Creating prefix script '/home/hegde-aryan/dev/robo/ros2_ws/install/local_setup.ps1'
[3.547s] INFO:colcon.colcon_core.shell:Creating prefix util module '/home/hegde-aryan/dev/robo/ros2_ws/install/_local_setup_util_ps1.py'
[3.549s] INFO:colcon.colcon_core.shell:Creating prefix chain script '/home/hegde-aryan/dev/robo/ros2_ws/install/setup.ps1'
[3.551s] INFO:colcon.colcon_core.shell:Creating prefix script '/home/hegde-aryan/dev/robo/ros2_ws/install/local_setup.sh'
[3.552s] INFO:colcon.colcon_core.shell:Creating prefix util module '/home/hegde-aryan/dev/robo/ros2_ws/install/_local_setup_util_sh.py'
[3.553s] INFO:colcon.colcon_core.shell:Creating prefix chain script '/home/hegde-aryan/dev/robo/ros2_ws/install/setup.sh'
[3.554s] INFO:colcon.colcon_core.shell:Creating prefix script '/home/hegde-aryan/dev/robo/ros2_ws/install/local_setup.bash'
[3.555s] INFO:colcon.colcon_core.shell:Creating prefix chain script '/home/hegde-aryan/dev/robo/ros2_ws/install/setup.bash'
[3.556s] INFO:colcon.colcon_core.shell:Creating prefix script '/home/hegde-aryan/dev/robo/ros2_ws/install/local_setup.zsh'
[3.557s] INFO:colcon.colcon_core.shell:Creating prefix chain script '/home/hegde-aryan/dev/robo/ros2_ws/install/setup.zsh'
